# JRE version: OpenJDK Runtime Environment (17.0.10) (build 17.0.10+0--11572160)
# Java VM: OpenJDK 64-Bit Server VM (17.0.10+0--11572160, mixed mode, tiered, compressed oops, compressed class ptrs, g1 gc, windows-amd64)
GC Precious Log:
 CPUs: 6 total, 6 available
 Memory: 8071M
 Large Page Support: Disabled
 NUMA Support: Disabled
 Compressed Oops: Enabled (32-bit)
 Heap Region Size: 1M
 Heap Min Capacity: 8M
 Heap Initial Capacity: 128M
 Heap Max Capacity: 2G
 Pre-touch: Disabled
 Parallel Workers: 6
 Concurrent Workers: 2
 Concurrent Refinement Workers: 6
 Periodic GC: Disabled
Heap:
 garbage-first heap   total 418816K, used 145092K [0x0000000080000000, 0x0000000100000000)
  region size 1024K, 2 young (2048K), 2 survivors (2048K)
 Metaspace       used 142806K, committed 143488K, reserved 1179648K
  class space    used 17563K, committed 17856K, reserved 1048576K
GC Heap History (20 events):
Event: 46.629 GC heap after
{Heap after GC invocations=112 (full 0):
 garbage-first heap   total 386048K, used 142539K [0x0000000080000000, 0x0000000100000000)
  region size 1024K, 3 young (3072K), 3 survivors (3072K)
 Metaspace       used 141781K, committed 142464K, reserved 1179648K
  class space    used 17531K, committed 17856K, reserved 1048576K
}
Event: 60.270 GC heap before
{Heap before GC invocations=112 (full 0):
 garbage-first heap   total 386048K, used 325835K [0x0000000080000000, 0x0000000100000000)
  region size 1024K, 179 young (183296K), 3 survivors (3072K)
 Metaspace       used 142769K, committed 143488K, reserved 1179648K
  class space    used 17562K, committed 17856K, reserved 1048576K
}
Event: 60.274 GC heap after
{Heap after GC invocations=113 (full 0):
 garbage-first heap   total 386048K, used 145689K [0x0000000080000000, 0x0000000100000000)
  region size 1024K, 4 young (4096K), 4 survivors (4096K)
 Metaspace       used 142769K, committed 143488K, reserved 1179648K
  class space    used 17562K, committed 17856K, reserved 1048576K
}
Event: 60.401 GC heap before
{Heap before GC invocations=113 (full 0):
 garbage-first heap   total 386048K, used 324889K [0x0000000080000000, 0x0000000100000000)
  region size 1024K, 180 young (184320K), 4 survivors (4096K)
 Metaspace       used 142772K, committed 143488K, reserved 1179648K
  class space    used 17562K, committed 17856K, reserved 1048576K
}
Event: 60.404 GC heap after
{Heap after GC invocations=114 (full 0):
 garbage-first heap   total 386048K, used 146249K [0x0000000080000000, 0x0000000100000000)
  region size 1024K, 4 young (4096K), 4 survivors (4096K)
 Metaspace       used 142772K, committed 143488K, reserved 1179648K
  class space    used 17562K, committed 17856K, reserved 1048576K
}
Event: 60.540 GC heap before
{Heap before GC invocations=114 (full 0):
 garbage-first heap   total 386048K, used 328521K [0x0000000080000000, 0x0000000100000000)
  region size 1024K, 183 young (187392K), 4 survivors (4096K)
 Metaspace       used 142775K, committed 143488K, reserved 1179648K
  class space    used 17562K, committed 17856K, reserved 1048576K
}
Event: 60.544 GC heap after
{Heap after GC invocations=115 (full 0):
 garbage-first heap   total 386048K, used 147811K [0x0000000080000000, 0x0000000100000000)
  region size 1024K, 6 young (6144K), 6 survivors (6144K)
 Metaspace       used 142775K, committed 143488K, reserved 1179648K
  class space    used 17562K, committed 17856K, reserved 1048576K
}
Event: 60.787 GC heap before
{Heap before GC invocations=116 (full 0):
 garbage-first heap   total 386048K, used 335203K [0x0000000080000000, 0x0000000100000000)
  region size 1024K, 185 young (189440K), 6 survivors (6144K)
 Metaspace       used 142770K, committed 143488K, reserved 1179648K
  class space    used 17560K, committed 17856K, reserved 1048576K
}
Event: 60.795 GC heap after
{Heap after GC invocations=117 (full 0):
 garbage-first heap   total 386048K, used 148718K [0x0000000080000000, 0x0000000100000000)
  region size 1024K, 7 young (7168K), 7 survivors (7168K)
 Metaspace       used 142770K, committed 143488K, reserved 1179648K
  class space    used 17560K, committed 17856K, reserved 1048576K
}
Event: 60.833 GC heap before
{Heap before GC invocations=117 (full 0):
 garbage-first heap   total 386048K, used 158958K [0x0000000080000000, 0x0000000100000000)
  region size 1024K, 18 young (18432K), 7 survivors (7168K)
 Metaspace       used 142770K, committed 143488K, reserved 1179648K
  class space    used 17560K, committed 17856K, reserved 1048576K
}
Event: 60.837 GC heap after
{Heap after GC invocations=118 (full 0):
 garbage-first heap   total 386048K, used 145000K [0x0000000080000000, 0x0000000100000000)
  region size 1024K, 2 young (2048K), 2 survivors (2048K)
 Metaspace       used 142770K, committed 143488K, reserved 1179648K
  class space    used 17560K, committed 17856K, reserved 1048576K
}
Event: 60.960 GC heap before
{Heap before GC invocations=118 (full 0):
 garbage-first heap   total 386048K, used 333416K [0x0000000080000000, 0x0000000100000000)
  region size 1024K, 186 young (190464K), 2 survivors (2048K)
 Metaspace       used 142793K, committed 143488K, reserved 1179648K
  class space    used 17560K, committed 17856K, reserved 1048576K
}
Event: 60.962 GC heap after
{Heap after GC invocations=119 (full 0):
 garbage-first heap   total 386048K, used 145074K [0x0000000080000000, 0x0000000100000000)
  region size 1024K, 3 young (3072K), 3 survivors (3072K)
 Metaspace       used 142793K, committed 143488K, reserved 1179648K
  class space    used 17560K, committed 17856K, reserved 1048576K
}
Event: 61.086 GC heap before
{Heap before GC invocations=119 (full 0):
 garbage-first heap   total 386048K, used 333490K [0x0000000080000000, 0x0000000100000000)
  region size 1024K, 188 young (192512K), 3 survivors (3072K)
 Metaspace       used 142805K, committed 143488K, reserved 1179648K
  class space    used 17563K, committed 17856K, reserved 1048576K
}
Event: 61.091 GC heap after
{Heap after GC invocations=120 (full 0):
 garbage-first heap   total 386048K, used 145870K [0x0000000080000000, 0x0000000100000000)
  region size 1024K, 3 young (3072K), 3 survivors (3072K)
 Metaspace       used 142805K, committed 143488K, reserved 1179648K
  class space    used 17563K, committed 17856K, reserved 1048576K
}
Event: 61.159 GC heap before
{Heap before GC invocations=120 (full 0):
 garbage-first heap   total 386048K, used 250318K [0x0000000080000000, 0x0000000100000000)
  region size 1024K, 107 young (109568K), 3 survivors (3072K)
 Metaspace       used 142806K, committed 143488K, reserved 1179648K
  class space    used 17563K, committed 17856K, reserved 1048576K
}
Event: 61.161 GC heap after
{Heap after GC invocations=121 (full 0):
 garbage-first heap   total 386048K, used 147410K [0x0000000080000000, 0x0000000100000000)
  region size 1024K, 5 young (5120K), 5 survivors (5120K)
 Metaspace       used 142806K, committed 143488K, reserved 1179648K
  class space    used 17563K, committed 17856K, reserved 1048576K
}
Event: 61.287 GC heap before
{Heap before GC invocations=122 (full 0):
 garbage-first heap   total 418816K, used 339922K [0x0000000080000000, 0x0000000100000000)
  region size 1024K, 190 young (194560K), 5 survivors (5120K)
 Metaspace       used 142806K, committed 143488K, reserved 1179648K
  class space    used 17563K, committed 17856K, reserved 1048576K
}
Event: 61.290 GC heap after
{Heap after GC invocations=123 (full 0):
 garbage-first heap   total 418816K, used 148059K [0x0000000080000000, 0x0000000100000000)
  region size 1024K, 5 young (5120K), 5 survivors (5120K)
 Metaspace       used 142806K, committed 143488K, reserved 1179648K
  class space    used 17563K, committed 17856K, reserved 1048576K
}
Event: 61.298 GC heap before
{Heap before GC invocations=123 (full 0):
 garbage-first heap   total 418816K, used 163419K [0x0000000080000000, 0x0000000100000000)
  region size 1024K, 20 young (20480K), 5 survivors (5120K)
 Metaspace       used 142806K, committed 143488K, reserved 1179648K
  class space    used 17563K, committed 17856K, reserved 1048576K
}

