# JRE version: OpenJDK Runtime Environment (17.0.10) (build 17.0.10+0--11572160)
# Java VM: OpenJDK 64-Bit Server VM (17.0.10+0--11572160, mixed mode, tiered, compressed oops, compressed class ptrs, g1 gc, windows-amd64)
GC Precious Log:
 CPUs: 6 total, 6 available
 Memory: 8071M
 Large Page Support: Disabled
 NUMA Support: Disabled
 Compressed Oops: Enabled (32-bit)
 Heap Region Size: 1M
 Heap Min Capacity: 8M
 Heap Initial Capacity: 128M
 Heap Max Capacity: 2G
 Pre-touch: Disabled
 Parallel Workers: 6
 Concurrent Workers: 2
 Concurrent Refinement Workers: 6
 Periodic GC: Disabled
Heap:
 garbage-first heap   total 84992K, used 42194K [0x0000000080000000, 0x0000000100000000)
  region size 1024K, 5 young (5120K), 3 survivors (3072K)
 Metaspace       used 42025K, committed 42496K, reserved 1114112K
  class space    used 5778K, committed 6016K, reserved 1048576K
GC Heap History (18 events):
Event: 0.530 GC heap before
{Heap before GC invocations=0 (full 0):
 garbage-first heap   total 131072K, used 23552K [0x0000000080000000, 0x0000000100000000)
  region size 1024K, 21 young (21504K), 0 survivors (0K)
 Metaspace       used 10239K, committed 10304K, reserved 1114112K
  class space    used 1059K, committed 1088K, reserved 1048576K
}
Event: 0.534 GC heap after
{Heap after GC invocations=1 (full 0):
 garbage-first heap   total 131072K, used 9216K [0x0000000080000000, 0x0000000100000000)
  region size 1024K, 3 young (3072K), 3 survivors (3072K)
 Metaspace       used 10239K, committed 10304K, reserved 1114112K
  class space    used 1059K, committed 1088K, reserved 1048576K
}
Event: 0.860 GC heap before
{Heap before GC invocations=1 (full 0):
 garbage-first heap   total 131072K, used 35840K [0x0000000080000000, 0x0000000100000000)
  region size 1024K, 29 young (29696K), 3 survivors (3072K)
 Metaspace       used 11189K, committed 11392K, reserved 1114112K
  class space    used 1163K, committed 1280K, reserved 1048576K
}
Event: 0.863 GC heap after
{Heap after GC invocations=2 (full 0):
 garbage-first heap   total 131072K, used 10940K [0x0000000080000000, 0x0000000100000000)
  region size 1024K, 2 young (2048K), 2 survivors (2048K)
 Metaspace       used 11189K, committed 11392K, reserved 1114112K
  class space    used 1163K, committed 1280K, reserved 1048576K
}
Event: 1.699 GC heap before
{Heap before GC invocations=2 (full 0):
 garbage-first heap   total 131072K, used 55996K [0x0000000080000000, 0x0000000100000000)
  region size 1024K, 46 young (47104K), 2 survivors (2048K)
 Metaspace       used 21368K, committed 21504K, reserved 1114112K
  class space    used 2560K, committed 2624K, reserved 1048576K
}
Event: 1.704 GC heap after
{Heap after GC invocations=3 (full 0):
 garbage-first heap   total 131072K, used 18269K [0x0000000080000000, 0x0000000100000000)
  region size 1024K, 9 young (9216K), 9 survivors (9216K)
 Metaspace       used 21368K, committed 21504K, reserved 1114112K
  class space    used 2560K, committed 2624K, reserved 1048576K
}
Event: 2.223 GC heap before
{Heap before GC invocations=4 (full 0):
 garbage-first heap   total 68608K, used 50013K [0x0000000080000000, 0x0000000100000000)
  region size 1024K, 40 young (40960K), 9 survivors (9216K)
 Metaspace       used 26654K, committed 27008K, reserved 1114112K
  class space    used 3495K, committed 3648K, reserved 1048576K
}
Event: 2.228 GC heap after
{Heap after GC invocations=5 (full 0):
 garbage-first heap   total 68608K, used 19894K [0x0000000080000000, 0x0000000100000000)
  region size 1024K, 3 young (3072K), 3 survivors (3072K)
 Metaspace       used 26654K, committed 27008K, reserved 1114112K
  class space    used 3495K, committed 3648K, reserved 1048576K
}
Event: 4.166 GC heap before
{Heap before GC invocations=5 (full 0):
 garbage-first heap   total 68608K, used 56758K [0x0000000080000000, 0x0000000100000000)
  region size 1024K, 30 young (30720K), 3 survivors (3072K)
 Metaspace       used 30606K, committed 30912K, reserved 1114112K
  class space    used 4160K, committed 4288K, reserved 1048576K
}
Event: 4.169 GC heap after
{Heap after GC invocations=6 (full 0):
 garbage-first heap   total 68608K, used 35896K [0x0000000080000000, 0x0000000100000000)
  region size 1024K, 4 young (4096K), 4 survivors (4096K)
 Metaspace       used 30606K, committed 30912K, reserved 1114112K
  class space    used 4160K, committed 4288K, reserved 1048576K
}
Event: 4.379 GC heap before
{Heap before GC invocations=6 (full 0):
 garbage-first heap   total 68608K, used 51256K [0x0000000080000000, 0x0000000100000000)
  region size 1024K, 19 young (19456K), 4 survivors (4096K)
 Metaspace       used 32706K, committed 33024K, reserved 1114112K
  class space    used 4485K, committed 4608K, reserved 1048576K
}
Event: 4.381 GC heap after
{Heap after GC invocations=7 (full 0):
 garbage-first heap   total 68608K, used 37118K [0x0000000080000000, 0x0000000100000000)
  region size 1024K, 1 young (1024K), 1 survivors (1024K)
 Metaspace       used 32706K, committed 33024K, reserved 1114112K
  class space    used 4485K, committed 4608K, reserved 1048576K
}
Event: 4.572 GC heap before
{Heap before GC invocations=8 (full 0):
 garbage-first heap   total 68608K, used 51454K [0x0000000080000000, 0x0000000100000000)
  region size 1024K, 15 young (15360K), 1 survivors (1024K)
 Metaspace       used 34563K, committed 34944K, reserved 1114112K
  class space    used 4801K, committed 4992K, reserved 1048576K
}
Event: 4.574 GC heap after
{Heap after GC invocations=9 (full 0):
 garbage-first heap   total 68608K, used 37768K [0x0000000080000000, 0x0000000100000000)
  region size 1024K, 2 young (2048K), 2 survivors (2048K)
 Metaspace       used 34563K, committed 34944K, reserved 1114112K
  class space    used 4801K, committed 4992K, reserved 1048576K
}
Event: 4.797 GC heap before
{Heap before GC invocations=9 (full 0):
 garbage-first heap   total 68608K, used 52104K [0x0000000080000000, 0x0000000100000000)
  region size 1024K, 17 young (17408K), 2 survivors (2048K)
 Metaspace       used 37970K, committed 38400K, reserved 1114112K
  class space    used 5174K, committed 5376K, reserved 1048576K
}
Event: 4.799 GC heap after
{Heap after GC invocations=10 (full 0):
 garbage-first heap   total 68608K, used 38833K [0x0000000080000000, 0x0000000100000000)
  region size 1024K, 3 young (3072K), 3 survivors (3072K)
 Metaspace       used 37970K, committed 38400K, reserved 1114112K
  class space    used 5174K, committed 5376K, reserved 1048576K
}
Event: 4.853 GC heap before
{Heap before GC invocations=11 (full 0):
 garbage-first heap   total 70656K, used 53169K [0x0000000080000000, 0x0000000100000000)
  region size 1024K, 17 young (17408K), 3 survivors (3072K)
 Metaspace       used 38212K, committed 38592K, reserved 1114112K
  class space    used 5189K, committed 5376K, reserved 1048576K
}
Event: 4.855 GC heap after
{Heap after GC invocations=12 (full 0):
 garbage-first heap   total 84992K, used 40125K [0x0000000080000000, 0x0000000100000000)
  region size 1024K, 3 young (3072K), 3 survivors (3072K)
 Metaspace       used 38212K, committed 38592K, reserved 1114112K
  class space    used 5189K, committed 5376K, reserved 1048576K
}

